\BOOKMARK [0][-]{chapter*.1}{\376\377\000D\000e\000d\000i\000c\000a\000t\000o\000r\000i\000a}{}% 1
\BOOKMARK [0][-]{chapter*.2}{\376\377\000A\000g\000r\000a\000d\000e\000c\000i\000m\000i\000e\000n\000t\000o\000s}{}% 2
\BOOKMARK [0][-]{chapter*.3}{\376\377\000R\000e\000s\000u\000m\000e\000n}{}% 3
\BOOKMARK [0][-]{chapter*.4}{\376\377\000A\000b\000s\000t\000r\000a\000c\000t}{}% 4
\BOOKMARK [0][-]{chapter*.4}{\376\377\000\315\000n\000d\000i\000c\000e\000\040\000d\000e\000\040\000f\000i\000g\000u\000r\000a\000s}{}% 5
\BOOKMARK [0][-]{chapter*.4}{\376\377\000\315\000n\000d\000i\000c\000e\000\040\000d\000e\000\040\000t\000a\000b\000l\000a\000s}{}% 6
\BOOKMARK [0][-]{chapter*.5}{\376\377\000I\000n\000t\000r\000o\000d\000u\000c\000c\000i\000\363\000n}{}% 7
\BOOKMARK [0][-]{chapter.1}{\376\377\000A\000s\000p\000e\000c\000t\000o\000s\000\040\000g\000e\000n\000e\000r\000a\000l\000e\000s}{}% 8
\BOOKMARK [1][-]{section.1.1}{\376\377\000D\000e\000s\000c\000r\000i\000p\000c\000i\000\363\000n\000\040\000d\000e\000\040\000l\000a\000\040\000p\000r\000o\000b\000l\000e\000m\000\341\000t\000i\000c\000a}{chapter.1}% 9
\BOOKMARK [1][-]{section.1.2}{\376\377\000O\000b\000j\000e\000t\000i\000v\000o\000\040\000g\000e\000n\000e\000r\000a\000l}{chapter.1}% 10
\BOOKMARK [1][-]{section.1.3}{\376\377\000O\000b\000j\000e\000t\000i\000v\000o\000s\000\040\000e\000s\000p\000e\000c\000\355\000f\000i\000c\000o\000s}{chapter.1}% 11
\BOOKMARK [1][-]{section.1.4}{\376\377\000J\000u\000s\000t\000i\000f\000i\000c\000a\000c\000i\000\363\000n}{chapter.1}% 12
\BOOKMARK [1][-]{section.1.5}{\376\377\000A\000l\000c\000a\000n\000c\000e}{chapter.1}% 13
\BOOKMARK [1][-]{section.1.6}{\376\377\000L\000i\000m\000i\000t\000a\000c\000i\000o\000n\000e\000s}{chapter.1}% 14
\BOOKMARK [0][-]{chapter.2}{\376\377\000M\000a\000r\000c\000o\000\040\000t\000e\000\363\000r\000i\000c\000o}{}% 15
\BOOKMARK [1][-]{section.2.1}{\376\377\000A\000n\000t\000e\000c\000e\000d\000e\000n\000t\000e\000s}{chapter.2}% 16
\BOOKMARK [1][-]{section.2.2}{\376\377\000D\000i\000a\000g\000n\000\363\000s\000t\000i\000c\000o\000\040\000v\000e\000h\000i\000c\000u\000l\000a\000r}{chapter.2}% 17
\BOOKMARK [1][-]{section.2.3}{\376\377\000S\000i\000s\000t\000e\000m\000a\000\040\000O\000B\000D\000-\000I\000I}{chapter.2}% 18
\BOOKMARK [2][-]{subsection.2.3.1}{\376\377\000M\000o\000d\000o\000s\000\040\000d\000e\000\040\000d\000i\000a\000g\000n\000\363\000s\000t\000i\000c\000o\000\040\000r\000e\000l\000e\000v\000a\000n\000t\000e\000s}{section.2.3}% 19
\BOOKMARK [2][-]{subsection.2.3.2}{\376\377\000I\000n\000t\000e\000g\000r\000a\000c\000i\000\363\000n\000\040\000d\000e\000\040\000O\000B\000D\000-\000I\000I\000\040\000e\000n\000\040\000A\000u\000t\000o\000S\000e\000n\000s\000e}{section.2.3}% 20
\BOOKMARK [1][-]{section.2.4}{\376\377\000P\000r\000o\000t\000o\000c\000o\000l\000o\000\040\000C\000A\000N\000\040\000B\000u\000s}{chapter.2}% 21
\BOOKMARK [1][-]{section.2.5}{\376\377\000P\000I\000D\000s\000\040\000v\000e\000h\000i\000c\000u\000l\000a\000r\000e\000s}{chapter.2}% 22
\BOOKMARK [2][-]{subsection.2.5.1}{\376\377\000D\000e\000f\000i\000n\000i\000c\000i\000\363\000n\000\040\000y\000\040\000a\000l\000c\000a\000n\000c\000e\000\040\000d\000e\000\040\000l\000o\000s\000\040\000P\000I\000D\000s}{section.2.5}% 23
\BOOKMARK [2][-]{subsection.2.5.2}{\376\377\000D\000e\000s\000c\000u\000b\000r\000i\000m\000i\000e\000n\000t\000o\000\040\000d\000e\000\040\000P\000I\000D\000s\000\040\000y\000\040\000s\000e\000l\000e\000c\000c\000i\000\363\000n\000\040\000d\000e\000l\000\040\000p\000e\000r\000f\000i\000l}{section.2.5}% 24
\BOOKMARK [2][-]{subsection.2.5.3}{\376\377\000C\000o\000n\000v\000e\000r\000s\000i\000\363\000n\000\040\000d\000e\000\040\000r\000e\000s\000p\000u\000e\000s\000t\000a\000\040\000b\000r\000u\000t\000a\000\040\000a\000\040\000u\000n\000i\000d\000a\000d\000e\000s\000\040\000d\000e\000\040\000i\000n\000g\000e\000n\000i\000e\000r\000\355\000a}{section.2.5}% 25
\BOOKMARK [1][-]{section.2.6}{\376\377\000M\000i\000c\000r\000o\000c\000o\000n\000t\000r\000o\000l\000a\000d\000o\000r\000\040\000E\000S\000P\0003\0002}{chapter.2}% 26
\BOOKMARK [2][-]{subsection.2.6.1}{\376\377\000A\000r\000q\000u\000i\000t\000e\000c\000t\000u\000r\000a\000\040\000d\000e\000l\000\040\000m\000i\000c\000r\000o\000c\000o\000n\000t\000r\000o\000l\000a\000d\000o\000r}{section.2.6}% 27
\BOOKMARK [2][-]{subsection.2.6.2}{\376\377\000F\000u\000n\000c\000i\000o\000n\000e\000s\000\040\000d\000e\000l\000\040\000E\000S\000P\0003\0002\000-\000S\0003\000\040\000e\000n\000\040\000A\000u\000t\000o\000S\000e\000n\000s\000e}{section.2.6}% 28
\BOOKMARK [2][-]{subsection.2.6.3}{\376\377\000I\000n\000t\000e\000g\000r\000a\000c\000i\000\363\000n\000\040\000c\000o\000n\000\040\000a\000l\000m\000a\000c\000e\000n\000a\000m\000i\000e\000n\000t\000o\000\040\000y\000\040\000s\000a\000l\000i\000d\000a\000\040\000d\000e\000\040\000d\000a\000t\000o\000s}{section.2.6}% 29
\BOOKMARK [1][-]{section.2.7}{\376\377\000I\000n\000t\000e\000r\000n\000e\000t\000\040\000d\000e\000\040\000l\000a\000s\000\040\000C\000o\000s\000a\000s}{chapter.2}% 30
\BOOKMARK [2][-]{subsection.2.7.1}{\376\377\000I\000n\000t\000e\000r\000n\000e\000t\000\040\000d\000e\000\040\000l\000a\000s\000\040\000C\000o\000s\000a\000s\000\040\000e\000n\000\040\000v\000e\000h\000\355\000c\000u\000l\000o\000s\000\040\000c\000o\000n\000e\000c\000t\000a\000d\000o\000s}{section.2.7}% 31
\BOOKMARK [2][-]{subsection.2.7.2}{\376\377\000A\000u\000t\000o\000S\000e\000n\000s\000e\000\040\000c\000o\000m\000o\000\040\000a\000r\000q\000u\000i\000t\000e\000c\000t\000u\000r\000a\000\040\000b\000o\000r\000d\000e\000-\000n\000u\000b\000e}{section.2.7}% 32
\BOOKMARK [2][-]{subsection.2.7.3}{\376\377\000S\000i\000n\000c\000r\000o\000n\000i\000z\000a\000c\000i\000\363\000n\000\040\000y\000\040\000s\000u\000p\000e\000r\000v\000i\000s\000i\000\363\000n\000\040\000r\000e\000m\000o\000t\000a}{section.2.7}% 33
\BOOKMARK [1][-]{section.2.8}{\376\377\000C\000o\000m\000u\000n\000i\000c\000a\000c\000i\000\363\000n\000\040\000B\000l\000u\000e\000t\000o\000o\000t\000h\000,\000\040\000W\000i\000-\000F\000i\000\040\000y\000\040\000U\000S\000B}{chapter.2}% 34
\BOOKMARK [2][-]{subsection.2.8.1}{\376\377\000B\000l\000u\000e\000t\000o\000o\000t\000h\000\040\000L\000o\000w\000\040\000E\000n\000e\000r\000g\000y}{section.2.8}% 35
\BOOKMARK [2][-]{subsection.2.8.2}{\376\377\000U\000S\000B\000-\000C\000D\000C}{section.2.8}% 36
\BOOKMARK [2][-]{subsection.2.8.3}{\376\377\000W\000i\000-\000F\000i\000\040\000y\000\040\000s\000i\000n\000c\000r\000o\000n\000i\000z\000a\000c\000i\000\363\000n\000\040\000r\000e\000m\000o\000t\000a}{section.2.8}% 37
\BOOKMARK [1][-]{section.2.9}{\376\377\000A\000p\000l\000i\000c\000a\000c\000i\000o\000n\000e\000s\000\040\000m\000\363\000v\000i\000l\000e\000s}{chapter.2}% 38
\BOOKMARK [2][-]{subsection.2.9.1}{\376\377\000A\000r\000q\000u\000i\000t\000e\000c\000t\000u\000r\000a\000\040\000i\000n\000t\000e\000r\000n\000a\000\040\000d\000e\000\040\000l\000a\000\040\000a\000p\000l\000i\000c\000a\000c\000i\000\363\000n}{section.2.9}% 39
\BOOKMARK [2][-]{subsection.2.9.2}{\376\377\000P\000a\000n\000t\000a\000l\000l\000a\000s\000\040\000y\000\040\000f\000l\000u\000j\000o\000\040\000d\000e\000\040\000u\000s\000o}{section.2.9}% 40
\BOOKMARK [2][-]{subsection.2.9.3}{\376\377\000C\000o\000m\000p\000a\000t\000i\000b\000i\000l\000i\000d\000a\000d\000\040\000y\000\040\000d\000e\000s\000p\000l\000i\000e\000g\000u\000e}{section.2.9}% 41
\BOOKMARK [1][-]{section.2.10}{\376\377\000I\000n\000t\000e\000l\000i\000g\000e\000n\000c\000i\000a\000\040\000a\000r\000t\000i\000f\000i\000c\000i\000a\000l}{chapter.2}% 42
\BOOKMARK [2][-]{subsection.2.10.1}{\376\377\000A\000r\000q\000u\000i\000t\000e\000c\000t\000u\000r\000a\000\040\000d\000e\000\040\000l\000a\000\040\000I\000A\000\040\000l\000o\000c\000a\000l}{section.2.10}% 43
\BOOKMARK [2][-]{subsection.2.10.2}{\376\377\000B\000a\000s\000e\000l\000i\000n\000e\000\040\000e\000s\000t\000a\000d\000\355\000s\000t\000i\000c\000o\000\040\000y\000\040\000Z\000-\000s\000c\000o\000r\000e}{section.2.10}% 44
\BOOKMARK [2][-]{subsection.2.10.3}{\376\377\000I\000s\000o\000l\000a\000t\000i\000o\000n\000\040\000F\000o\000r\000e\000s\000t\000\040\000c\000o\000m\000p\000a\000c\000t\000o}{section.2.10}% 45
\BOOKMARK [2][-]{subsection.2.10.4}{\376\377\000S\000a\000l\000i\000d\000a\000\040\000i\000n\000t\000e\000r\000p\000r\000e\000t\000a\000d\000a\000\040\000y\000\040\000c\000l\000a\000s\000i\000f\000i\000c\000a\000c\000i\000\363\000n\000\040\000d\000e\000\040\000r\000u\000t\000a}{section.2.10}% 46
\BOOKMARK [1][-]{section.2.11}{\376\377\000M\000a\000n\000t\000e\000n\000i\000m\000i\000e\000n\000t\000o\000\040\000p\000r\000e\000d\000i\000c\000t\000i\000v\000o}{chapter.2}% 47
\BOOKMARK [2][-]{subsection.2.11.1}{\376\377\000M\000a\000n\000t\000e\000n\000i\000m\000i\000e\000n\000t\000o\000\040\000a\000s\000i\000s\000t\000i\000d\000o\000\040\000p\000o\000r\000\040\000A\000u\000t\000o\000S\000e\000n\000s\000e}{section.2.11}% 48
\BOOKMARK [2][-]{subsection.2.11.2}{\376\377\000S\000e\000g\000u\000i\000m\000i\000e\000n\000t\000o\000,\000\040\000p\000e\000r\000s\000i\000s\000t\000e\000n\000c\000i\000a\000\040\000y\000\040\000a\000l\000c\000a\000n\000c\000e}{section.2.11}% 49
\BOOKMARK [1][-]{section.2.12}{\376\377\000T\000r\000a\000b\000a\000j\000o\000s\000\040\000r\000e\000l\000a\000c\000i\000o\000n\000a\000d\000o\000s}{chapter.2}% 50
\BOOKMARK [2][-]{subsection.2.12.1}{\376\377\000E\000d\000g\000e\000\040\000c\000o\000m\000p\000u\000t\000i\000n\000g\000\040\000e\000\040\000i\000n\000t\000e\000l\000i\000g\000e\000n\000c\000i\000a\000\040\000e\000n\000\040\000e\000l\000\040\000v\000e\000h\000\355\000c\000u\000l\000o\000\040\000c\000o\000n\000e\000c\000t\000a\000d\000o}{section.2.12}% 51
\BOOKMARK [2][-]{subsection.2.12.2}{\376\377\000O\000B\000D\000-\000I\000I\000,\000\040\000I\000o\000T\000\040\000y\000\040\000d\000i\000a\000g\000n\000\363\000s\000t\000i\000c\000o\000\040\000c\000o\000n\000e\000c\000t\000a\000d\000o}{section.2.12}% 52
\BOOKMARK [2][-]{subsection.2.12.3}{\376\377\000M\000a\000n\000t\000e\000n\000i\000m\000i\000e\000n\000t\000o\000\040\000p\000r\000e\000d\000i\000c\000t\000i\000v\000o\000\040\000e\000\040\000i\000n\000t\000e\000r\000p\000r\000e\000t\000a\000b\000i\000l\000i\000d\000a\000d}{section.2.12}% 53
\BOOKMARK [0][-]{chapter.3}{\376\377\000M\000a\000r\000c\000o\000\040\000m\000e\000t\000o\000d\000o\000l\000\363\000g\000i\000c\000o}{}% 54
\BOOKMARK [1][-]{section.3.1}{\376\377\000T\000i\000p\000o\000\040\000d\000e\000\040\000i\000n\000v\000e\000s\000t\000i\000g\000a\000c\000i\000\363\000n}{chapter.3}% 55
\BOOKMARK [1][-]{section.3.2}{\376\377\000E\000n\000f\000o\000q\000u\000e\000\040\000d\000e\000\040\000l\000a\000\040\000i\000n\000v\000e\000s\000t\000i\000g\000a\000c\000i\000\363\000n}{chapter.3}% 56
\BOOKMARK [1][-]{section.3.3}{\376\377\000D\000i\000s\000e\000\361\000o\000\040\000m\000e\000t\000o\000d\000o\000l\000\363\000g\000i\000c\000o}{chapter.3}% 57
\BOOKMARK [1][-]{section.3.4}{\376\377\000M\000e\000t\000o\000d\000o\000l\000o\000g\000\355\000a\000\040\000d\000e\000\040\000d\000e\000s\000a\000r\000r\000o\000l\000l\000o}{chapter.3}% 58
\BOOKMARK [1][-]{section.3.5}{\376\377\000T\000\351\000c\000n\000i\000c\000a\000s\000\040\000d\000e\000\040\000r\000e\000c\000o\000l\000e\000c\000c\000i\000\363\000n\000\040\000d\000e\000\040\000d\000a\000t\000o\000s}{chapter.3}% 59
\BOOKMARK [1][-]{section.3.6}{\376\377\000H\000e\000r\000r\000a\000m\000i\000e\000n\000t\000a\000s\000\040\000u\000t\000i\000l\000i\000z\000a\000d\000a\000s}{chapter.3}% 60
\BOOKMARK [1][-]{section.3.7}{\376\377\000P\000o\000b\000l\000a\000c\000i\000\363\000n\000\040\000o\000\040\000e\000n\000t\000o\000r\000n\000o\000\040\000d\000e\000\040\000p\000r\000u\000e\000b\000a}{chapter.3}% 61
\BOOKMARK [1][-]{section.3.8}{\376\377\000P\000r\000o\000c\000e\000d\000i\000m\000i\000e\000n\000t\000o\000\040\000m\000e\000t\000o\000d\000o\000l\000\363\000g\000i\000c\000o}{chapter.3}% 62
\BOOKMARK [1][-]{section.3.9}{\376\377\000C\000r\000i\000t\000e\000r\000i\000o\000s\000\040\000d\000e\000\040\000e\000v\000a\000l\000u\000a\000c\000i\000\363\000n}{chapter.3}% 63
\BOOKMARK [0][-]{chapter.4}{\376\377\000D\000e\000s\000a\000r\000r\000o\000l\000l\000o\000\040\000d\000e\000\040\000l\000a\000\040\000p\000r\000o\000p\000u\000e\000s\000t\000a}{}% 64
\BOOKMARK [1][-]{section.4.1}{\376\377\000D\000e\000s\000c\000r\000i\000p\000c\000i\000\363\000n\000\040\000g\000e\000n\000e\000r\000a\000l\000\040\000d\000e\000l\000\040\000s\000i\000s\000t\000e\000m\000a}{chapter.4}% 65
\BOOKMARK [1][-]{section.4.2}{\376\377\000A\000r\000q\000u\000i\000t\000e\000c\000t\000u\000r\000a\000\040\000d\000e\000l\000\040\000s\000i\000s\000t\000e\000m\000a}{chapter.4}% 66
\BOOKMARK [2][-]{subsection.4.2.1}{\376\377\000V\000i\000s\000i\000\363\000n\000\040\000p\000o\000r\000\040\000c\000a\000p\000a\000s}{section.4.2}% 67
\BOOKMARK [2][-]{subsection.4.2.2}{\376\377\000F\000l\000u\000j\000o\000\040\000d\000e\000\040\000d\000a\000t\000o\000s\000\040\000y\000\040\000r\000e\000s\000p\000o\000n\000s\000a\000b\000i\000l\000i\000d\000a\000d\000e\000s}{section.4.2}% 68
\BOOKMARK [2][-]{subsection.4.2.3}{\376\377\000P\000e\000r\000s\000i\000s\000t\000e\000n\000c\000i\000a\000\040\000y\000\040\000s\000i\000n\000c\000r\000o\000n\000i\000z\000a\000c\000i\000\363\000n}{section.4.2}% 69
\BOOKMARK [1][-]{section.4.3}{\376\377\000D\000i\000s\000e\000\361\000o\000\040\000d\000e\000l\000\040\000h\000a\000r\000d\000w\000a\000r\000e}{chapter.4}% 70
\BOOKMARK [2][-]{subsection.4.3.1}{\376\377\000R\000e\000f\000e\000r\000e\000n\000c\000i\000a\000\040\000d\000e\000\040\000d\000i\000s\000e\000\361\000o\000\040\000y\000\040\000b\000l\000o\000q\000u\000e\000s\000\040\000f\000u\000n\000c\000i\000o\000n\000a\000l\000e\000s}{section.4.3}% 71
\BOOKMARK [2][-]{subsection.4.3.2}{\376\377\000C\000o\000n\000e\000x\000i\000\363\000n\000\040\000O\000B\000D\000-\000I\000I\000\040\000y\000\040\000e\000n\000t\000r\000a\000d\000a\000\040\000v\000e\000h\000i\000c\000u\000l\000a\000r}{section.4.3}% 72
\BOOKMARK [2][-]{subsection.4.3.3}{\376\377\000A\000c\000o\000n\000d\000i\000c\000i\000o\000n\000a\000m\000i\000e\000n\000t\000o\000\040\000C\000A\000N\000\040\000y\000\040\000p\000r\000o\000t\000e\000c\000c\000i\000\363\000n\000\040\000d\000e\000l\000\040\000b\000u\000s}{section.4.3}% 73
\BOOKMARK [2][-]{subsection.4.3.4}{\376\377\000A\000l\000i\000m\000e\000n\000t\000a\000c\000i\000\363\000n\000\040\000y\000\040\000r\000e\000g\000u\000l\000a\000c\000i\000\363\000n}{section.4.3}% 74
\BOOKMARK [2][-]{subsection.4.3.5}{\376\377\000N\000\372\000c\000l\000e\000o\000\040\000E\000S\000P\0003\0002\000-\000S\0003\000\040\000y\000\040\000s\000e\000\361\000a\000l\000e\000s\000\040\000d\000e\000\040\000c\000o\000n\000t\000r\000o\000l}{section.4.3}% 75
\BOOKMARK [2][-]{subsection.4.3.6}{\376\377\000U\000S\000B\000-\000C\000,\000\040\000p\000r\000o\000g\000r\000a\000m\000a\000c\000i\000\363\000n\000\040\000y\000\040\000d\000e\000p\000u\000r\000a\000c\000i\000\363\000n}{section.4.3}% 76
\BOOKMARK [2][-]{subsection.4.3.7}{\376\377\000D\000i\000s\000e\000\361\000o\000\040\000f\000\355\000s\000i\000c\000o\000\040\000d\000e\000\040\000l\000a\000\040\000P\000C\000B\000\040\000y\000\040\000p\000r\000o\000c\000e\000s\000o\000\040\000d\000e\000\040\000e\000n\000s\000a\000m\000b\000l\000e}{section.4.3}% 77
\BOOKMARK [1][-]{section.4.4}{\376\377\000D\000i\000s\000e\000\361\000o\000\040\000d\000e\000l\000\040\000f\000i\000r\000m\000w\000a\000r\000e}{chapter.4}% 78
\BOOKMARK [2][-]{subsection.4.4.1}{\376\377\000E\000n\000t\000o\000r\000n\000o\000\040\000d\000e\000\040\000c\000o\000m\000p\000i\000l\000a\000c\000i\000\363\000n\000\040\000y\000\040\000o\000r\000g\000a\000n\000i\000z\000a\000c\000i\000\363\000n\000\040\000d\000e\000l\000\040\000f\000i\000r\000m\000w\000a\000r\000e}{section.4.4}% 79
\BOOKMARK [2][-]{subsection.4.4.2}{\376\377\000S\000e\000c\000u\000e\000n\000c\000i\000a\000\040\000d\000e\000\040\000a\000r\000r\000a\000n\000q\000u\000e}{section.4.4}% 80
\BOOKMARK [2][-]{subsection.4.4.3}{\376\377\000C\000i\000c\000l\000o\000\040\000p\000r\000i\000n\000c\000i\000p\000a\000l\000\040\000d\000e\000\040\000e\000j\000e\000c\000u\000c\000i\000\363\000n}{section.4.4}% 81
\BOOKMARK [2][-]{subsection.4.4.4}{\376\377\000A\000d\000q\000u\000i\000s\000i\000c\000i\000\363\000n\000\040\000O\000B\000D\000-\000I\000I\000\040\000y\000\040\000p\000l\000a\000n\000i\000f\000i\000c\000a\000c\000i\000\363\000n\000\040\000d\000e\000\040\000c\000o\000n\000s\000u\000l\000t\000a\000s}{section.4.4}% 82
\BOOKMARK [2][-]{subsection.4.4.5}{\376\377\000G\000e\000s\000t\000i\000\363\000n\000\040\000d\000e\000\040\000p\000e\000r\000f\000i\000l\000e\000s\000\040\000v\000e\000h\000i\000c\000u\000l\000a\000r\000e\000s}{section.4.4}% 83
\BOOKMARK [2][-]{subsection.4.4.6}{\376\377\000P\000o\000l\000\355\000t\000i\000c\000a\000\040\000d\000e\000\040\000s\000o\000l\000o\000\040\000l\000e\000c\000t\000u\000r\000a}{section.4.4}% 84
\BOOKMARK [2][-]{subsection.4.4.7}{\376\377\000C\000o\000m\000p\000a\000c\000t\000a\000c\000i\000\363\000n\000,\000\040\000a\000l\000m\000a\000c\000e\000n\000a\000m\000i\000e\000n\000t\000o\000\040\000y\000\040\000t\000e\000l\000e\000m\000e\000t\000r\000\355\000a}{section.4.4}% 85
\BOOKMARK [2][-]{subsection.4.4.8}{\376\377\000C\000l\000a\000s\000i\000f\000i\000c\000a\000c\000i\000\363\000n\000\040\000d\000e\000\040\000r\000u\000t\000a\000\040\000y\000\040\000a\000n\000\341\000l\000i\000s\000i\000s\000\040\000l\000o\000c\000a\000l}{section.4.4}% 86
\BOOKMARK [2][-]{subsection.4.4.9}{\376\377\000V\000e\000r\000i\000f\000i\000c\000a\000c\000i\000\363\000n\000\040\000y\000\040\000h\000e\000r\000r\000a\000m\000i\000e\000n\000t\000a\000s\000\040\000d\000e\000\040\000s\000o\000p\000o\000r\000t\000e}{section.4.4}% 87
\BOOKMARK [1][-]{section.4.5}{\376\377\000D\000i\000s\000e\000\361\000o\000\040\000d\000e\000\040\000l\000a\000\040\000a\000p\000l\000i\000c\000a\000c\000i\000\363\000n\000\040\000m\000\363\000v\000i\000l}{chapter.4}% 88
\BOOKMARK [2][-]{subsection.4.5.1}{\376\377\000A\000r\000q\000u\000i\000t\000e\000c\000t\000u\000r\000a\000\040\000d\000e\000\040\000n\000a\000v\000e\000g\000a\000c\000i\000\363\000n}{section.4.5}% 89
\BOOKMARK [2][-]{subsection.4.5.2}{\376\377\000G\000e\000s\000t\000i\000\363\000n\000\040\000d\000e\000\040\000s\000e\000s\000i\000\363\000n\000\040\000y\000\040\000d\000a\000t\000o\000s}{section.4.5}% 90
\BOOKMARK [2][-]{subsection.4.5.3}{\376\377\000P\000a\000n\000t\000a\000l\000l\000a\000s\000\040\000p\000r\000i\000n\000c\000i\000p\000a\000l\000e\000s}{section.4.5}% 91
\BOOKMARK [2][-]{subsection.4.5.4}{\376\377\000C\000o\000n\000e\000x\000i\000\363\000n\000\040\000O\000B\000D\000-\000I\000I\000\040\000d\000e\000s\000d\000e\000\040\000l\000a\000\040\000a\000p\000p}{section.4.5}% 92
\BOOKMARK [2][-]{subsection.4.5.5}{\376\377\000S\000i\000n\000c\000r\000o\000n\000i\000z\000a\000c\000i\000\363\000n\000\040\000y\000\040\000p\000e\000r\000s\000i\000s\000t\000e\000n\000c\000i\000a\000\040\000m\000\363\000v\000i\000l}{section.4.5}% 93
\BOOKMARK [1][-]{section.4.6}{\376\377\000D\000i\000s\000e\000\361\000o\000\040\000d\000e\000\040\000a\000l\000m\000a\000c\000e\000n\000a\000m\000i\000e\000n\000t\000o\000\040\000d\000e\000\040\000d\000a\000t\000o\000s}{chapter.4}% 94
\BOOKMARK [2][-]{subsection.4.6.1}{\376\377\000A\000l\000m\000a\000c\000e\000n\000a\000m\000i\000e\000n\000t\000o\000\040\000l\000o\000c\000a\000l\000\040\000e\000n\000\040\000e\000l\000\040\000E\000S\000P\0003\0002\000-\000S\0003}{section.4.6}% 95
\BOOKMARK [2][-]{subsection.4.6.2}{\376\377\000F\000o\000r\000m\000a\000t\000o\000\040\000b\000i\000n\000a\000r\000i\000o\000\040\000d\000e\000l\000\040\000h\000i\000s\000t\000o\000r\000i\000a\000l\000\040\000O\000B\000D\000-\000I\000I}{section.4.6}% 96
\BOOKMARK [2][-]{subsection.4.6.3}{\376\377\000P\000e\000r\000s\000i\000s\000t\000e\000n\000c\000i\000a\000\040\000m\000\363\000v\000i\000l\000\040\000y\000\040\000s\000i\000n\000c\000r\000o\000n\000i\000z\000a\000c\000i\000\363\000n\000\040\000r\000e\000m\000o\000t\000a}{section.4.6}% 97
\BOOKMARK [1][-]{section.4.7}{\376\377\000I\000n\000t\000e\000r\000a\000c\000c\000i\000\363\000n\000\040\000d\000e\000l\000\040\000s\000i\000s\000t\000e\000m\000a}{chapter.4}% 98
\BOOKMARK [2][-]{subsection.4.7.1}{\376\377\000I\000n\000i\000c\000i\000o\000\040\000d\000e\000\040\000s\000e\000s\000i\000\363\000n\000\040\000y\000\040\000d\000e\000s\000c\000u\000b\000r\000i\000m\000i\000e\000n\000t\000o\000\040\000d\000e\000l\000\040\000d\000i\000s\000p\000o\000s\000i\000t\000i\000v\000o}{section.4.7}% 99
\BOOKMARK [2][-]{subsection.4.7.2}{\376\377\000I\000d\000e\000n\000t\000i\000f\000i\000c\000a\000c\000i\000\363\000n\000\040\000d\000e\000l\000\040\000v\000e\000h\000\355\000c\000u\000l\000o\000\040\000y\000\040\000a\000p\000l\000i\000c\000a\000c\000i\000\363\000n\000\040\000d\000e\000\040\000p\000e\000r\000f\000i\000l}{section.4.7}% 100
\BOOKMARK [2][-]{subsection.4.7.3}{\376\377\000T\000e\000l\000e\000m\000e\000t\000r\000\355\000a\000\040\000e\000n\000\040\000v\000i\000v\000o\000\040\000y\000\040\000a\000c\000t\000u\000a\000l\000i\000z\000a\000c\000i\000\363\000n\000\040\000d\000e\000\040\000e\000s\000t\000a\000d\000o}{section.4.7}% 101
\BOOKMARK [2][-]{subsection.4.7.4}{\376\377\000M\000a\000n\000e\000j\000o\000\040\000d\000e\000\040\000e\000r\000r\000o\000r\000e\000s\000\040\000y\000\040\000c\000o\000n\000t\000i\000n\000u\000i\000d\000a\000d\000\040\000o\000p\000e\000r\000a\000t\000i\000v\000a}{section.4.7}% 102
\BOOKMARK [1][-]{section.4.8}{\376\377\000M\000\363\000d\000u\000l\000o\000\040\000d\000e\000\040\000a\000n\000\341\000l\000i\000s\000i\000s\000\040\000d\000e\000\040\000d\000a\000t\000o\000s}{chapter.4}% 103
\BOOKMARK [2][-]{subsection.4.8.1}{\376\377\000E\000n\000t\000r\000a\000d\000a\000\040\000y\000\040\000p\000r\000e\000p\000a\000r\000a\000c\000i\000\363\000n\000\040\000d\000e\000\040\000m\000u\000e\000s\000t\000r\000a\000s}{section.4.8}% 104
\BOOKMARK [2][-]{subsection.4.8.2}{\376\377\000A\000n\000\341\000l\000i\000s\000i\000s\000\040\000l\000o\000c\000a\000l\000\040\000d\000e\000\040\000a\000n\000o\000m\000a\000l\000\355\000a\000s}{section.4.8}% 105
\BOOKMARK [2][-]{subsection.4.8.3}{\376\377\000C\000l\000a\000s\000i\000f\000i\000c\000a\000c\000i\000\363\000n\000\040\000d\000e\000\040\000r\000u\000t\000a\000\040\000y\000\040\000c\000o\000n\000t\000e\000x\000t\000o\000\040\000d\000e\000\040\000c\000o\000n\000d\000u\000c\000c\000i\000\363\000n}{section.4.8}% 106
\BOOKMARK [2][-]{subsection.4.8.4}{\376\377\000P\000e\000r\000s\000i\000s\000t\000e\000n\000c\000i\000a\000\040\000d\000e\000l\000\040\000m\000o\000d\000e\000l\000o\000\040\000y\000\040\000c\000o\000n\000t\000i\000n\000u\000i\000d\000a\000d}{section.4.8}% 107
\BOOKMARK [2][-]{subsection.4.8.5}{\376\377\000S\000a\000l\000i\000d\000a\000\040\000h\000a\000c\000i\000a\000\040\000l\000a\000\040\000a\000p\000l\000i\000c\000a\000c\000i\000\363\000n\000\040\000m\000\363\000v\000i\000l}{section.4.8}% 108
\BOOKMARK [1][-]{section.4.9}{\376\377\000S\000e\000g\000u\000r\000i\000d\000a\000d\000\040\000d\000e\000l\000\040\000s\000i\000s\000t\000e\000m\000a}{chapter.4}% 109
\BOOKMARK [2][-]{subsection.4.9.1}{\376\377\000S\000e\000g\000u\000r\000i\000d\000a\000d\000\040\000p\000o\000r\000\040\000c\000a\000p\000a\000s}{section.4.9}% 110
\BOOKMARK [2][-]{subsection.4.9.2}{\376\377\000P\000o\000l\000\355\000t\000i\000c\000a\000\040\000d\000e\000\040\000s\000o\000l\000o\000\040\000l\000e\000c\000t\000u\000r\000a\000\040\000e\000n\000\040\000e\000l\000\040\000f\000i\000r\000m\000w\000a\000r\000e}{section.4.9}% 111
\BOOKMARK [2][-]{subsection.4.9.3}{\376\377\000V\000a\000l\000i\000d\000a\000c\000i\000\363\000n\000\040\000d\000e\000\040\000p\000e\000r\000f\000i\000l\000e\000s\000\040\000v\000e\000h\000i\000c\000u\000l\000a\000r\000e\000s}{section.4.9}% 112
\BOOKMARK [2][-]{subsection.4.9.4}{\376\377\000S\000e\000g\000u\000r\000i\000d\000a\000d\000\040\000e\000n\000\040\000l\000a\000\040\000a\000p\000l\000i\000c\000a\000c\000i\000\363\000n\000\040\000m\000\363\000v\000i\000l}{section.4.9}% 113
\BOOKMARK [2][-]{subsection.4.9.5}{\376\377\000R\000e\000g\000l\000a\000s\000\040\000d\000e\000\040\000a\000c\000c\000e\000s\000o\000\040\000e\000n\000\040\000F\000i\000r\000e\000b\000a\000s\000e}{section.4.9}% 114
\BOOKMARK [2][-]{subsection.4.9.6}{\376\377\000L\000i\000m\000i\000t\000a\000c\000i\000o\000n\000e\000s\000\040\000y\000\040\000c\000o\000n\000t\000r\000o\000l\000e\000s\000\040\000p\000e\000n\000d\000i\000e\000n\000t\000e\000s}{section.4.9}% 115
\BOOKMARK [1][-]{section.4.10}{\376\377\000F\000u\000n\000c\000i\000o\000n\000a\000m\000i\000e\000n\000t\000o\000\040\000g\000e\000n\000e\000r\000a\000l}{chapter.4}% 116
\BOOKMARK [2][-]{subsection.4.10.1}{\376\377\000S\000e\000c\000u\000e\000n\000c\000i\000a\000\040\000d\000e\000\040\000o\000p\000e\000r\000a\000c\000i\000\363\000n}{section.4.10}% 117
\BOOKMARK [2][-]{subsection.4.10.2}{\376\377\000E\000s\000t\000a\000d\000o\000s\000\040\000o\000p\000e\000r\000a\000t\000i\000v\000o\000s\000\040\000d\000e\000l\000\040\000s\000i\000s\000t\000e\000m\000a}{section.4.10}% 118
\BOOKMARK [2][-]{subsection.4.10.3}{\376\377\000F\000l\000u\000j\000o\000\040\000d\000e\000\040\000i\000n\000f\000o\000r\000m\000a\000c\000i\000\363\000n\000\040\000d\000u\000r\000a\000n\000t\000e\000\040\000u\000n\000a\000\040\000s\000e\000s\000i\000\363\000n}{section.4.10}% 119
\BOOKMARK [2][-]{subsection.4.10.4}{\376\377\000C\000o\000n\000d\000i\000c\000i\000o\000n\000e\000s\000\040\000d\000e\000\040\000c\000i\000e\000r\000r\000e\000\040\000y\000\040\000c\000o\000n\000t\000i\000n\000u\000i\000d\000a\000d}{section.4.10}% 120
\BOOKMARK [0][-]{chapter.5}{\376\377\000P\000r\000u\000e\000b\000a\000s\000\040\000y\000\040\000r\000e\000s\000u\000l\000t\000a\000d\000o\000s}{}% 121
\BOOKMARK [1][-]{section.5.1}{\376\377\000E\000s\000c\000e\000n\000a\000r\000i\000o\000\040\000d\000e\000\040\000p\000r\000u\000e\000b\000a\000s}{chapter.5}% 122
\BOOKMARK [2][-]{subsection.5.1.1}{\376\377\000C\000o\000n\000t\000e\000x\000t\000o\000\040\000g\000e\000n\000e\000r\000a\000l\000\040\000d\000e\000l\000\040\000e\000s\000c\000e\000n\000a\000r\000i\000o}{section.5.1}% 123
\BOOKMARK [2][-]{subsection.5.1.2}{\376\377\000P\000r\000u\000e\000b\000a\000\040\000e\000n\000\040\000v\000e\000h\000\355\000c\000u\000l\000o\000\040\000r\000e\000a\000l}{section.5.1}% 124
\BOOKMARK [2][-]{subsection.5.1.3}{\376\377\000P\000r\000u\000e\000b\000a\000\040\000c\000o\000n\000\040\000s\000i\000m\000u\000l\000a\000d\000o\000r\000\040\000O\000B\000D\000-\000I\000I}{section.5.1}% 125
\BOOKMARK [2][-]{subsection.5.1.4}{\376\377\000E\000v\000i\000d\000e\000n\000c\000i\000a\000\040\000g\000e\000n\000e\000r\000a\000d\000a\000\040\000d\000u\000r\000a\000n\000t\000e\000\040\000l\000a\000\040\000c\000a\000m\000p\000a\000\361\000a}{section.5.1}% 126
\BOOKMARK [1][-]{section.5.2}{\376\377\000P\000r\000u\000e\000b\000a\000s\000\040\000f\000u\000n\000c\000i\000o\000n\000a\000l\000e\000s}{chapter.5}% 127
\BOOKMARK [1][-]{section.5.3}{\376\377\000P\000r\000u\000e\000b\000a\000s\000\040\000d\000e\000\040\000c\000o\000m\000u\000n\000i\000c\000a\000c\000i\000\363\000n}{chapter.5}% 128
\BOOKMARK [1][-]{section.5.4}{\376\377\000P\000r\000u\000e\000b\000a\000s\000\040\000d\000e\000\040\000l\000e\000c\000t\000u\000r\000a\000\040\000O\000B\000D\000-\000I\000I}{chapter.5}% 129
\BOOKMARK [1][-]{section.5.5}{\376\377\000P\000r\000u\000e\000b\000a\000s\000\040\000d\000e\000\040\000a\000l\000m\000a\000c\000e\000n\000a\000m\000i\000e\000n\000t\000o}{chapter.5}% 130
\BOOKMARK [1][-]{section.5.6}{\376\377\000P\000r\000u\000e\000b\000a\000s\000\040\000d\000e\000\040\000v\000i\000s\000u\000a\000l\000i\000z\000a\000c\000i\000\363\000n}{chapter.5}% 131
\BOOKMARK [1][-]{section.5.7}{\376\377\000P\000r\000u\000e\000b\000a\000s\000\040\000d\000e\000\040\000r\000e\000n\000d\000i\000m\000i\000e\000n\000t\000o}{chapter.5}% 132
\BOOKMARK [1][-]{section.5.8}{\376\377\000R\000e\000s\000u\000l\000t\000a\000d\000o\000s\000\040\000o\000b\000t\000e\000n\000i\000d\000o\000s}{chapter.5}% 133
\BOOKMARK [2][-]{subsection.5.8.1}{\376\377\000C\000o\000m\000p\000o\000r\000t\000a\000m\000i\000e\000n\000t\000o\000\040\000d\000e\000\040\000l\000a\000\040\000v\000e\000l\000o\000c\000i\000d\000a\000d}{section.5.8}% 134
\BOOKMARK [2][-]{subsection.5.8.2}{\376\377\000C\000o\000m\000p\000o\000r\000t\000a\000m\000i\000e\000n\000t\000o\000\040\000d\000e\000\040\000l\000a\000s\000\040\000r\000e\000v\000o\000l\000u\000c\000i\000o\000n\000e\000s\000\040\000d\000e\000l\000\040\000m\000o\000t\000o\000r}{section.5.8}% 135
\BOOKMARK [2][-]{subsection.5.8.3}{\376\377\000T\000e\000m\000p\000e\000r\000a\000t\000u\000r\000a\000\040\000d\000e\000l\000\040\000r\000e\000f\000r\000i\000g\000e\000r\000a\000n\000t\000e}{section.5.8}% 136
\BOOKMARK [2][-]{subsection.5.8.4}{\376\377\000C\000a\000r\000g\000a\000\040\000d\000e\000l\000\040\000m\000o\000t\000o\000r}{section.5.8}% 137
\BOOKMARK [2][-]{subsection.5.8.5}{\376\377\000C\000o\000n\000s\000u\000m\000o\000\040\000i\000n\000s\000t\000a\000n\000t\000\341\000n\000e\000o}{section.5.8}% 138
\BOOKMARK [2][-]{subsection.5.8.6}{\376\377\000C\000o\000m\000p\000a\000r\000a\000c\000i\000\363\000n\000\040\000n\000o\000r\000m\000a\000l\000i\000z\000a\000d\000a\000\040\000m\000e\000d\000i\000a\000n\000t\000e\000\040\000Z\000-\000s\000c\000o\000r\000e}{section.5.8}% 139
\BOOKMARK [1][-]{section.5.9}{\376\377\000A\000n\000\341\000l\000i\000s\000i\000s\000\040\000d\000e\000\040\000r\000e\000s\000u\000l\000t\000a\000d\000o\000s}{chapter.5}% 140
\BOOKMARK [2][-]{subsection.5.9.1}{\376\377\000I\000n\000t\000e\000r\000p\000r\000e\000t\000a\000c\000i\000\363\000n\000\040\000t\000\351\000c\000n\000i\000c\000a\000\040\000d\000e\000\040\000l\000a\000s\000\040\000s\000e\000\361\000a\000l\000e\000s}{section.5.9}% 141
\BOOKMARK [2][-]{subsection.5.9.2}{\376\377\000L\000e\000c\000t\000u\000r\000a\000\040\000d\000e\000\040\000l\000a\000\040\000c\000a\000m\000p\000a\000\361\000a\000\040\000d\000e\000\040\000r\000e\000c\000o\000l\000e\000c\000c\000i\000\363\000n}{section.5.9}% 142
\BOOKMARK [2][-]{subsection.5.9.3}{\376\377\000A\000p\000o\000r\000t\000e\000\040\000d\000e\000l\000\040\000a\000n\000\341\000l\000i\000s\000i\000s\000\040\000e\000s\000t\000a\000d\000\355\000s\000t\000i\000c\000o\000\040\000e\000\040\000i\000n\000t\000e\000l\000i\000g\000e\000n\000c\000i\000a\000\040\000a\000r\000t\000i\000f\000i\000c\000i\000a\000l}{section.5.9}% 143
\BOOKMARK [2][-]{subsection.5.9.4}{\376\377\000I\000m\000p\000l\000i\000c\000a\000c\000i\000o\000n\000e\000s\000\040\000y\000\040\000l\000\355\000m\000i\000t\000e\000s\000\040\000d\000e\000l\000\040\000r\000e\000s\000u\000l\000t\000a\000d\000o}{section.5.9}% 144
\BOOKMARK [0][-]{chapter.6}{\376\377\000C\000o\000n\000c\000l\000u\000s\000i\000o\000n\000e\000s\000\040\000y\000\040\000r\000e\000c\000o\000m\000e\000n\000d\000a\000c\000i\000o\000n\000e\000s}{}% 145
\BOOKMARK [1][-]{section.6.1}{\376\377\000C\000o\000n\000c\000l\000u\000s\000i\000o\000n\000e\000s}{chapter.6}% 146
\BOOKMARK [1][-]{section.6.2}{\376\377\000C\000u\000m\000p\000l\000i\000m\000i\000e\000n\000t\000o\000\040\000d\000e\000\040\000o\000b\000j\000e\000t\000i\000v\000o\000s}{chapter.6}% 147
\BOOKMARK [1][-]{section.6.3}{\376\377\000R\000e\000c\000o\000m\000e\000n\000d\000a\000c\000i\000o\000n\000e\000s}{chapter.6}% 148
\BOOKMARK [1][-]{section.6.4}{\376\377\000T\000r\000a\000b\000a\000j\000o\000s\000\040\000f\000u\000t\000u\000r\000o\000s}{chapter.6}% 149
\BOOKMARK [0][-]{chapter*.76}{\376\377\000R\000e\000f\000e\000r\000e\000n\000c\000i\000a\000s\000\040\000b\000i\000b\000l\000i\000o\000g\000r\000\341\000f\000i\000c\000a\000s}{}% 150
\BOOKMARK [0][-]{appendix.Alph1}{\376\377\000C\000\363\000d\000i\000g\000o\000\040\000f\000u\000e\000n\000t\000e}{}% 151
\BOOKMARK [0][-]{appendix.Alph2}{\376\377\000T\000a\000b\000l\000a\000s\000\040\000d\000e\000\040\000p\000r\000u\000e\000b\000a\000s}{}% 152
\BOOKMARK [0][-]{appendix.Alph3}{\376\377\000M\000a\000n\000u\000a\000l\000\040\000d\000e\000\040\000u\000s\000u\000a\000r\000i\000o}{}% 153
\BOOKMARK [0][-]{appendix.Alph4}{\376\377\000M\000a\000n\000u\000a\000l\000\040\000t\000\351\000c\000n\000i\000c\000o}{}% 154
